28-Feb-2025 16:56:22.570 INFO [main] org.apache.catalina.startup.VersionLoggerListener.log Server version name:   Apache Tomcat/10.1.36
28-Feb-2025 16:56:22.576 INFO [main] org.apache.catalina.startup.VersionLoggerListener.log Server built:          Feb 13 2025 13:13:30 UTC
28-Feb-2025 16:56:22.577 INFO [main] org.apache.catalina.startup.VersionLoggerListener.log Server version number: 10.1.36.0
28-Feb-2025 16:56:22.577 INFO [main] org.apache.catalina.startup.VersionLoggerListener.log OS Name:               Windows 11
28-Feb-2025 16:56:22.577 INFO [main] org.apache.catalina.startup.VersionLoggerListener.log OS Version:            10.0
28-Feb-2025 16:56:22.577 INFO [main] org.apache.catalina.startup.VersionLoggerListener.log Architecture:          amd64
28-Feb-2025 16:56:22.577 INFO [main] org.apache.catalina.startup.VersionLoggerListener.log Java Home:             C:\Program Files\Java\jdk-23
28-Feb-2025 16:56:22.577 INFO [main] org.apache.catalina.startup.VersionLoggerListener.log JVM Version:           23.0.2+7-58
28-Feb-2025 16:56:22.577 INFO [main] org.apache.catalina.startup.VersionLoggerListener.log JVM Vendor:            Oracle Corporation
28-Feb-2025 16:56:22.577 INFO [main] org.apache.catalina.startup.VersionLoggerListener.log CATALINA_BASE:         C:\ServletIntroduction-login
28-Feb-2025 16:56:22.577 INFO [main] org.apache.catalina.startup.VersionLoggerListener.log CATALINA_HOME:         C:\Program Files (x86)\apache-tomcat-10.1.36
28-Feb-2025 16:56:22.588 INFO [main] org.apache.catalina.startup.VersionLoggerListener.log Command line argument: --add-opens=java.base/java.lang=ALL-UNNAMED
28-Feb-2025 16:56:22.588 INFO [main] org.apache.catalina.startup.VersionLoggerListener.log Command line argument: --add-opens=java.base/java.io=ALL-UNNAMED
28-Feb-2025 16:56:22.588 INFO [main] org.apache.catalina.startup.VersionLoggerListener.log Command line argument: --add-opens=java.base/java.util=ALL-UNNAMED
28-Feb-2025 16:56:22.589 INFO [main] org.apache.catalina.startup.VersionLoggerListener.log Command line argument: --add-opens=java.base/java.util.concurrent=ALL-UNNAMED
28-Feb-2025 16:56:22.589 INFO [main] org.apache.catalina.startup.VersionLoggerListener.log Command line argument: --add-opens=java.rmi/sun.rmi.transport=ALL-UNNAMED
28-Feb-2025 16:56:22.589 INFO [main] org.apache.catalina.startup.VersionLoggerListener.log Command line argument: -Dcatalina.home=C:\Program Files (x86)\apache-tomcat-10.1.36
28-Feb-2025 16:56:22.589 INFO [main] org.apache.catalina.startup.VersionLoggerListener.log Command line argument: -Dcatalina.base=C:\ServletIntroduction-login
28-Feb-2025 16:56:22.589 INFO [main] org.apache.catalina.startup.VersionLoggerListener.log Command line argument: -Djava.io.tmpdir=C:\ServletIntroduction-login\temp
28-Feb-2025 16:56:22.589 INFO [main] org.apache.catalina.startup.VersionLoggerListener.log Command line argument: -Djava.util.logging.config.file=C:\ServletIntroduction-login\conf\logging.properties
28-Feb-2025 16:56:22.589 INFO [main] org.apache.catalina.startup.VersionLoggerListener.log Command line argument: -Djava.util.logging.manager=org.apache.juli.ClassLoaderLogManager
28-Feb-2025 16:56:22.589 INFO [main] org.apache.catalina.startup.VersionLoggerListener.log Command line argument: -javaagent:C:\Program Files\JetBrains\IntelliJ IDEA Community Edition 2024.3.2.1\lib\idea_rt.jar=53034:C:\Program Files\JetBrains\IntelliJ IDEA Community Edition 2024.3.2.1\bin
28-Feb-2025 16:56:22.589 INFO [main] org.apache.catalina.startup.VersionLoggerListener.log Command line argument: -Dfile.encoding=UTF-8
28-Feb-2025 16:56:22.589 INFO [main] org.apache.catalina.startup.VersionLoggerListener.log Command line argument: -Dsun.stdout.encoding=UTF-8
28-Feb-2025 16:56:22.589 INFO [main] org.apache.catalina.startup.VersionLoggerListener.log Command line argument: -Dsun.stderr.encoding=UTF-8
28-Feb-2025 16:56:22.600 INFO [main] org.apache.catalina.core.AprLifecycleListener.lifecycleEvent Loaded Apache Tomcat Native library [2.0.8] using APR version [1.7.4].
28-Feb-2025 16:56:22.608 INFO [main] org.apache.catalina.core.AprLifecycleListener.initializeSSL OpenSSL successfully initialized [OpenSSL 3.0.14 4 Jun 2024]
28-Feb-2025 16:56:23.085 INFO [main] org.apache.coyote.AbstractProtocol.init Initializing ProtocolHandler ["http-nio-8080"]
28-Feb-2025 16:56:23.108 INFO [main] org.apache.catalina.startup.Catalina.load Server initialization in [805] milliseconds
28-Feb-2025 16:56:23.191 INFO [main] org.apache.catalina.core.StandardService.startInternal Starting service [Catalina]
28-Feb-2025 16:56:23.191 INFO [main] org.apache.catalina.core.StandardEngine.startInternal Starting Servlet engine: [Apache Tomcat/10.1.36]
28-Feb-2025 16:56:23.209 INFO [main] org.apache.catalina.startup.HostConfig.deployDescriptor Deploying deployment descriptor [C:\ServletIntroduction-login\conf\Catalina\localhost\UC1.xml]
28-Feb-2025 16:56:23.651 INFO [main] org.apache.catalina.startup.HostConfig.deployDescriptor Deployment of deployment descriptor [C:\ServletIntroduction-login\conf\Catalina\localhost\UC1.xml] has finished in [441] ms
28-Feb-2025 16:56:23.656 INFO [main] org.apache.coyote.AbstractProtocol.start Starting ProtocolHandler ["http-nio-8080"]
28-Feb-2025 16:56:23.718 INFO [main] org.apache.catalina.startup.Catalina.start Server startup in [609] milliseconds
28-Feb-2025 17:00:17.653 INFO [Thread-1] org.apache.coyote.AbstractProtocol.pause Pausing ProtocolHandler ["http-nio-8080"]
28-Feb-2025 17:00:17.668 INFO [Thread-1] org.apache.catalina.core.StandardService.stopInternal Stopping service [Catalina]
28-Feb-2025 17:00:17.680 INFO [Thread-1] org.apache.coyote.AbstractProtocol.stop Stopping ProtocolHandler ["http-nio-8080"]
28-Feb-2025 17:00:17.704 INFO [Thread-1] org.apache.coyote.AbstractProtocol.destroy Destroying ProtocolHandler ["http-nio-8080"]
28-Feb-2025 17:00:31.601 INFO [main] org.apache.catalina.startup.VersionLoggerListener.log Server version name:   Apache Tomcat/10.1.36
28-Feb-2025 17:00:31.608 INFO [main] org.apache.catalina.startup.VersionLoggerListener.log Server built:          Feb 13 2025 13:13:30 UTC
28-Feb-2025 17:00:31.609 INFO [main] org.apache.catalina.startup.VersionLoggerListener.log Server version number: 10.1.36.0
28-Feb-2025 17:00:31.609 INFO [main] org.apache.catalina.startup.VersionLoggerListener.log OS Name:               Windows 11
28-Feb-2025 17:00:31.610 INFO [main] org.apache.catalina.startup.VersionLoggerListener.log OS Version:            10.0
28-Feb-2025 17:00:31.611 INFO [main] org.apache.catalina.startup.VersionLoggerListener.log Architecture:          amd64
28-Feb-2025 17:00:31.611 INFO [main] org.apache.catalina.startup.VersionLoggerListener.log Java Home:             C:\Program Files\Java\jdk-23
28-Feb-2025 17:00:31.611 INFO [main] org.apache.catalina.startup.VersionLoggerListener.log JVM Version:           23.0.2+7-58
28-Feb-2025 17:00:31.612 INFO [main] org.apache.catalina.startup.VersionLoggerListener.log JVM Vendor:            Oracle Corporation
28-Feb-2025 17:00:31.613 INFO [main] org.apache.catalina.startup.VersionLoggerListener.log CATALINA_BASE:         C:\ServletIntroduction-login
28-Feb-2025 17:00:31.613 INFO [main] org.apache.catalina.startup.VersionLoggerListener.log CATALINA_HOME:         C:\Program Files (x86)\apache-tomcat-10.1.36
28-Feb-2025 17:00:31.627 INFO [main] org.apache.catalina.startup.VersionLoggerListener.log Command line argument: --add-opens=java.base/java.lang=ALL-UNNAMED
28-Feb-2025 17:00:31.629 INFO [main] org.apache.catalina.startup.VersionLoggerListener.log Command line argument: --add-opens=java.base/java.io=ALL-UNNAMED
28-Feb-2025 17:00:31.629 INFO [main] org.apache.catalina.startup.VersionLoggerListener.log Command line argument: --add-opens=java.base/java.util=ALL-UNNAMED
28-Feb-2025 17:00:31.629 INFO [main] org.apache.catalina.startup.VersionLoggerListener.log Command line argument: --add-opens=java.base/java.util.concurrent=ALL-UNNAMED
28-Feb-2025 17:00:31.629 INFO [main] org.apache.catalina.startup.VersionLoggerListener.log Command line argument: --add-opens=java.rmi/sun.rmi.transport=ALL-UNNAMED
28-Feb-2025 17:00:31.629 INFO [main] org.apache.catalina.startup.VersionLoggerListener.log Command line argument: -Dcatalina.home=C:\Program Files (x86)\apache-tomcat-10.1.36
28-Feb-2025 17:00:31.629 INFO [main] org.apache.catalina.startup.VersionLoggerListener.log Command line argument: -Dcatalina.base=C:\ServletIntroduction-login
28-Feb-2025 17:00:31.629 INFO [main] org.apache.catalina.startup.VersionLoggerListener.log Command line argument: -Djava.io.tmpdir=C:\ServletIntroduction-login\temp
28-Feb-2025 17:00:31.629 INFO [main] org.apache.catalina.startup.VersionLoggerListener.log Command line argument: -Djava.util.logging.config.file=C:\ServletIntroduction-login\conf\logging.properties
28-Feb-2025 17:00:31.629 INFO [main] org.apache.catalina.startup.VersionLoggerListener.log Command line argument: -Djava.util.logging.manager=org.apache.juli.ClassLoaderLogManager
28-Feb-2025 17:00:31.630 INFO [main] org.apache.catalina.startup.VersionLoggerListener.log Command line argument: -javaagent:C:\Program Files\JetBrains\IntelliJ IDEA Community Edition 2024.3.2.1\lib\idea_rt.jar=55236:C:\Program Files\JetBrains\IntelliJ IDEA Community Edition 2024.3.2.1\bin
28-Feb-2025 17:00:31.630 INFO [main] org.apache.catalina.startup.VersionLoggerListener.log Command line argument: -Dfile.encoding=UTF-8
28-Feb-2025 17:00:31.630 INFO [main] org.apache.catalina.startup.VersionLoggerListener.log Command line argument: -Dsun.stdout.encoding=UTF-8
28-Feb-2025 17:00:31.630 INFO [main] org.apache.catalina.startup.VersionLoggerListener.log Command line argument: -Dsun.stderr.encoding=UTF-8
28-Feb-2025 17:00:31.633 INFO [main] org.apache.catalina.core.AprLifecycleListener.lifecycleEvent Loaded Apache Tomcat Native library [2.0.8] using APR version [1.7.4].
28-Feb-2025 17:00:31.641 INFO [main] org.apache.catalina.core.AprLifecycleListener.initializeSSL OpenSSL successfully initialized [OpenSSL 3.0.14 4 Jun 2024]
28-Feb-2025 17:00:32.093 INFO [main] org.apache.coyote.AbstractProtocol.init Initializing ProtocolHandler ["http-nio-8080"]
28-Feb-2025 17:00:32.113 INFO [main] org.apache.catalina.startup.Catalina.load Server initialization in [807] milliseconds
28-Feb-2025 17:00:32.188 INFO [main] org.apache.catalina.core.StandardService.startInternal Starting service [Catalina]
28-Feb-2025 17:00:32.188 INFO [main] org.apache.catalina.core.StandardEngine.startInternal Starting Servlet engine: [Apache Tomcat/10.1.36]
28-Feb-2025 17:00:32.212 INFO [main] org.apache.catalina.startup.HostConfig.deployDescriptor Deploying deployment descriptor [C:\ServletIntroduction-login\conf\Catalina\localhost\UC1.xml]
28-Feb-2025 17:00:32.654 INFO [main] org.apache.catalina.startup.HostConfig.deployDescriptor Deployment of deployment descriptor [C:\ServletIntroduction-login\conf\Catalina\localhost\UC1.xml] has finished in [441] ms
28-Feb-2025 17:00:32.660 INFO [main] org.apache.coyote.AbstractProtocol.start Starting ProtocolHandler ["http-nio-8080"]
28-Feb-2025 17:00:32.691 INFO [main] org.apache.catalina.startup.Catalina.start Server startup in [575] milliseconds
28-Feb-2025 17:01:29.797 INFO [Thread-1] org.apache.coyote.AbstractProtocol.pause Pausing ProtocolHandler ["http-nio-8080"]
28-Feb-2025 17:01:29.821 INFO [Thread-1] org.apache.catalina.core.StandardService.stopInternal Stopping service [Catalina]
28-Feb-2025 17:01:29.852 INFO [Thread-1] org.apache.coyote.AbstractProtocol.stop Stopping ProtocolHandler ["http-nio-8080"]
28-Feb-2025 17:01:29.863 INFO [Thread-1] org.apache.coyote.AbstractProtocol.destroy Destroying ProtocolHandler ["http-nio-8080"]
28-Feb-2025 17:56:30.539 INFO [main] org.apache.catalina.startup.VersionLoggerListener.log Server version name:   Apache Tomcat/10.1.36
28-Feb-2025 17:56:30.544 INFO [main] org.apache.catalina.startup.VersionLoggerListener.log Server built:          Feb 13 2025 13:13:30 UTC
28-Feb-2025 17:56:30.544 INFO [main] org.apache.catalina.startup.VersionLoggerListener.log Server version number: 10.1.36.0
28-Feb-2025 17:56:30.545 INFO [main] org.apache.catalina.startup.VersionLoggerListener.log OS Name:               Windows 11
28-Feb-2025 17:56:30.545 INFO [main] org.apache.catalina.startup.VersionLoggerListener.log OS Version:            10.0
28-Feb-2025 17:56:30.545 INFO [main] org.apache.catalina.startup.VersionLoggerListener.log Architecture:          amd64
28-Feb-2025 17:56:30.545 INFO [main] org.apache.catalina.startup.VersionLoggerListener.log Java Home:             C:\Program Files\Java\jdk-23
28-Feb-2025 17:56:30.545 INFO [main] org.apache.catalina.startup.VersionLoggerListener.log JVM Version:           23.0.2+7-58
28-Feb-2025 17:56:30.545 INFO [main] org.apache.catalina.startup.VersionLoggerListener.log JVM Vendor:            Oracle Corporation
28-Feb-2025 17:56:30.545 INFO [main] org.apache.catalina.startup.VersionLoggerListener.log CATALINA_BASE:         C:\ServletIntroduction-login
28-Feb-2025 17:56:30.545 INFO [main] org.apache.catalina.startup.VersionLoggerListener.log CATALINA_HOME:         C:\Program Files (x86)\apache-tomcat-10.1.36
28-Feb-2025 17:56:30.555 INFO [main] org.apache.catalina.startup.VersionLoggerListener.log Command line argument: --add-opens=java.base/java.lang=ALL-UNNAMED
28-Feb-2025 17:56:30.555 INFO [main] org.apache.catalina.startup.VersionLoggerListener.log Command line argument: --add-opens=java.base/java.io=ALL-UNNAMED
28-Feb-2025 17:56:30.555 INFO [main] org.apache.catalina.startup.VersionLoggerListener.log Command line argument: --add-opens=java.base/java.util=ALL-UNNAMED
28-Feb-2025 17:56:30.555 INFO [main] org.apache.catalina.startup.VersionLoggerListener.log Command line argument: --add-opens=java.base/java.util.concurrent=ALL-UNNAMED
28-Feb-2025 17:56:30.556 INFO [main] org.apache.catalina.startup.VersionLoggerListener.log Command line argument: --add-opens=java.rmi/sun.rmi.transport=ALL-UNNAMED
28-Feb-2025 17:56:30.556 INFO [main] org.apache.catalina.startup.VersionLoggerListener.log Command line argument: -Dcatalina.home=C:\Program Files (x86)\apache-tomcat-10.1.36
28-Feb-2025 17:56:30.556 INFO [main] org.apache.catalina.startup.VersionLoggerListener.log Command line argument: -Dcatalina.base=C:\ServletIntroduction-login
28-Feb-2025 17:56:30.556 INFO [main] org.apache.catalina.startup.VersionLoggerListener.log Command line argument: -Djava.io.tmpdir=C:\ServletIntroduction-login\temp
28-Feb-2025 17:56:30.556 INFO [main] org.apache.catalina.startup.VersionLoggerListener.log Command line argument: -Djava.util.logging.config.file=C:\ServletIntroduction-login\conf\logging.properties
28-Feb-2025 17:56:30.556 INFO [main] org.apache.catalina.startup.VersionLoggerListener.log Command line argument: -Djava.util.logging.manager=org.apache.juli.ClassLoaderLogManager
28-Feb-2025 17:56:30.556 INFO [main] org.apache.catalina.startup.VersionLoggerListener.log Command line argument: -javaagent:C:\Program Files\JetBrains\IntelliJ IDEA Community Edition 2024.3.2.1\lib\idea_rt.jar=55325:C:\Program Files\JetBrains\IntelliJ IDEA Community Edition 2024.3.2.1\bin
28-Feb-2025 17:56:30.556 INFO [main] org.apache.catalina.startup.VersionLoggerListener.log Command line argument: -Dfile.encoding=UTF-8
28-Feb-2025 17:56:30.556 INFO [main] org.apache.catalina.startup.VersionLoggerListener.log Command line argument: -Dsun.stdout.encoding=UTF-8
28-Feb-2025 17:56:30.556 INFO [main] org.apache.catalina.startup.VersionLoggerListener.log Command line argument: -Dsun.stderr.encoding=UTF-8
28-Feb-2025 17:56:30.559 INFO [main] org.apache.catalina.core.AprLifecycleListener.lifecycleEvent Loaded Apache Tomcat Native library [2.0.8] using APR version [1.7.4].
28-Feb-2025 17:56:30.565 INFO [main] org.apache.catalina.core.AprLifecycleListener.initializeSSL OpenSSL successfully initialized [OpenSSL 3.0.14 4 Jun 2024]
28-Feb-2025 17:56:30.839 INFO [main] org.apache.coyote.AbstractProtocol.init Initializing ProtocolHandler ["http-nio-8080"]
28-Feb-2025 17:56:30.851 SEVERE [main] org.apache.catalina.util.LifecycleBase.handleSubClassException Failed to initialize component [Connector["http-nio-8080"]]
	org.apache.catalina.LifecycleException: Protocol handler initialization failed
		at org.apache.catalina.connector.Connector.initInternal(Connector.java:1051)
		at org.apache.catalina.util.LifecycleBase.init(LifecycleBase.java:122)
		at org.apache.catalina.core.StandardService.initInternal(StandardService.java:525)
		at org.apache.catalina.util.LifecycleBase.init(LifecycleBase.java:122)
		at org.apache.catalina.core.StandardServer.initInternal(StandardServer.java:957)
		at org.apache.catalina.util.LifecycleBase.init(LifecycleBase.java:122)
		at org.apache.catalina.startup.Catalina.load(Catalina.java:712)
		at org.apache.catalina.startup.Catalina.load(Catalina.java:735)
		at java.base/jdk.internal.reflect.DirectMethodHandleAccessor.invoke(DirectMethodHandleAccessor.java:103)
		at java.base/java.lang.reflect.Method.invoke(Method.java:580)
		at org.apache.catalina.startup.Bootstrap.load(Bootstrap.java:302)
		at org.apache.catalina.startup.Bootstrap.main(Bootstrap.java:472)
	Caused by: java.net.BindException: Address already in use: bind
		at java.base/sun.nio.ch.Net.bind0(Native Method)
		at java.base/sun.nio.ch.Net.bind(Net.java:565)
		at java.base/sun.nio.ch.ServerSocketChannelImpl.netBind(ServerSocketChannelImpl.java:344)
		at java.base/sun.nio.ch.ServerSocketChannelImpl.bind(ServerSocketChannelImpl.java:301)
		at org.apache.tomcat.util.net.NioEndpoint.initServerSocket(NioEndpoint.java:239)
		at org.apache.tomcat.util.net.NioEndpoint.bind(NioEndpoint.java:194)
		at org.apache.tomcat.util.net.AbstractEndpoint.bindWithCleanup(AbstractEndpoint.java:1304)
		at org.apache.tomcat.util.net.AbstractEndpoint.init(AbstractEndpoint.java:1317)
		at org.apache.coyote.AbstractProtocol.init(AbstractProtocol.java:633)
		at org.apache.coyote.http11.AbstractHttp11Protocol.init(AbstractHttp11Protocol.java:82)
		at org.apache.catalina.connector.Connector.initInternal(Connector.java:1049)
		... 11 more
28-Feb-2025 17:56:30.853 INFO [main] org.apache.catalina.startup.Catalina.load Server initialization in [498] milliseconds
28-Feb-2025 17:56:30.897 INFO [main] org.apache.catalina.core.StandardService.startInternal Starting service [Catalina]
28-Feb-2025 17:56:30.898 INFO [main] org.apache.catalina.core.StandardEngine.startInternal Starting Servlet engine: [Apache Tomcat/10.1.36]
28-Feb-2025 17:56:30.908 INFO [main] org.apache.catalina.startup.HostConfig.deployDescriptor Deploying deployment descriptor [C:\ServletIntroduction-login\conf\Catalina\localhost\UC1.xml]
28-Feb-2025 17:56:31.186 INFO [main] org.apache.catalina.startup.HostConfig.deployDescriptor Deployment of deployment descriptor [C:\ServletIntroduction-login\conf\Catalina\localhost\UC1.xml] has finished in [277] ms
28-Feb-2025 17:56:31.191 INFO [main] org.apache.catalina.startup.Catalina.start Server startup in [336] milliseconds
28-Feb-2025 17:56:31.197 SEVERE [main] org.apache.catalina.core.StandardServer.await Failed to create server shutdown socket on address [localhost] and port [8005] (base port [8005] and offset [0])
	java.net.BindException: Address already in use: bind
		at java.base/sun.nio.ch.Net.bind0(Native Method)
		at java.base/sun.nio.ch.Net.bind(Net.java:565)
		at java.base/sun.nio.ch.Net.bind(Net.java:554)
		at java.base/sun.nio.ch.NioSocketImpl.bind(NioSocketImpl.java:636)
		at java.base/java.net.ServerSocket.bind(ServerSocket.java:389)
		at java.base/java.net.ServerSocket.<init>(ServerSocket.java:276)
		at org.apache.catalina.core.StandardServer.await(StandardServer.java:533)
		at org.apache.catalina.startup.Catalina.await(Catalina.java:851)
		at org.apache.catalina.startup.Catalina.start(Catalina.java:799)
		at java.base/jdk.internal.reflect.DirectMethodHandleAccessor.invoke(DirectMethodHandleAccessor.java:103)
		at java.base/java.lang.reflect.Method.invoke(Method.java:580)
		at org.apache.catalina.startup.Bootstrap.start(Bootstrap.java:345)
		at org.apache.catalina.startup.Bootstrap.main(Bootstrap.java:473)
28-Feb-2025 17:56:31.198 INFO [main] org.apache.coyote.AbstractProtocol.pause Pausing ProtocolHandler ["http-nio-8080"]
28-Feb-2025 17:56:31.198 INFO [main] org.apache.catalina.core.StandardService.stopInternal Stopping service [Catalina]
28-Feb-2025 17:56:31.205 INFO [main] org.apache.coyote.AbstractProtocol.stop Stopping ProtocolHandler ["http-nio-8080"]
28-Feb-2025 17:56:31.206 INFO [main] org.apache.coyote.AbstractProtocol.destroy Destroying ProtocolHandler ["http-nio-8080"]
